0 info it worked if it ends with ok
1 verbose cli [ '/usr/bin/nodejs',
1 verbose cli   '/usr/bin/npm',
1 verbose cli   'install',
1 verbose cli   'http-server',
1 verbose cli   '-g' ]
2 info using npm@1.3.10
3 info using node@v0.10.25
4 verbose cache add [ 'http-server', null ]
5 verbose cache add name=undefined spec="http-server" args=["http-server",null]
6 verbose parsed url { protocol: null,
6 verbose parsed url   slashes: null,
6 verbose parsed url   auth: null,
6 verbose parsed url   host: null,
6 verbose parsed url   port: null,
6 verbose parsed url   hostname: null,
6 verbose parsed url   hash: null,
6 verbose parsed url   search: null,
6 verbose parsed url   query: null,
6 verbose parsed url   pathname: 'http-server',
6 verbose parsed url   path: 'http-server',
6 verbose parsed url   href: 'http-server' }
7 silly lockFile ed608307-http-server http-server
8 verbose lock http-server /home/oliver/.npm/ed608307-http-server.lock
9 silly lockFile ed608307-http-server http-server
10 silly lockFile ed608307-http-server http-server
11 verbose addNamed [ 'http-server', '' ]
12 verbose addNamed [ null, '*' ]
13 silly lockFile 550353c6-http-server http-server@
14 verbose lock http-server@ /home/oliver/.npm/550353c6-http-server.lock
15 silly addNameRange { name: 'http-server', range: '*', hasData: false }
16 verbose registry.get http-server not expired, no request
17 silly addNameRange number 2 { name: 'http-server', range: '*', hasData: true }
18 silly addNameRange versions [ 'http-server',
18 silly addNameRange   [ '0.1.0',
18 silly addNameRange     '0.1.1',
18 silly addNameRange     '0.1.3',
18 silly addNameRange     '0.2.1',
18 silly addNameRange     '0.2.2',
18 silly addNameRange     '0.2.3',
18 silly addNameRange     '0.2.4',
18 silly addNameRange     '0.2.5',
18 silly addNameRange     '0.2.6',
18 silly addNameRange     '0.2.9',
18 silly addNameRange     '0.3.0',
18 silly addNameRange     '0.4.0',
18 silly addNameRange     '0.4.1',
18 silly addNameRange     '0.5.0',
18 silly addNameRange     '0.5.1',
18 silly addNameRange     '0.5.2',
18 silly addNameRange     '0.5.3',
18 silly addNameRange     '0.5.5',
18 silly addNameRange     '0.6.0',
18 silly addNameRange     '0.6.1',
18 silly addNameRange     '0.7.0',
18 silly addNameRange     '0.7.1',
18 silly addNameRange     '0.7.2',
18 silly addNameRange     '0.7.3',
18 silly addNameRange     '0.7.4',
18 silly addNameRange     '0.7.5',
18 silly addNameRange     '0.8.0',
18 silly addNameRange     '0.8.1',
18 silly addNameRange     '0.8.2',
18 silly addNameRange     '0.8.3',
18 silly addNameRange     '0.8.4',
18 silly addNameRange     '0.8.5',
18 silly addNameRange     '0.9.0',
18 silly addNameRange     '0.10.0',
18 silly addNameRange     '0.11.0',
18 silly addNameRange     '0.11.1' ] ]
19 verbose addNamed [ 'http-server', '0.11.1' ]
20 verbose addNamed [ '0.11.1', '0.11.1' ]
21 silly lockFile 47b1d4bd-http-server-0-11-1 http-server@0.11.1
22 verbose lock http-server@0.11.1 /home/oliver/.npm/47b1d4bd-http-server-0-11-1.lock
23 silly lockFile 47b1d4bd-http-server-0-11-1 http-server@0.11.1
24 silly lockFile 47b1d4bd-http-server-0-11-1 http-server@0.11.1
25 silly lockFile 550353c6-http-server http-server@
26 silly lockFile 550353c6-http-server http-server@
27 silly resolved [ { name: 'http-server',
27 silly resolved     version: '0.11.1',
27 silly resolved     description: 'A simple zero-configuration command-line http server',
27 silly resolved     main: './lib/http-server',
27 silly resolved     repository:
27 silly resolved      { type: 'git',
27 silly resolved        url: 'git://github.com/indexzero/http-server.git' },
27 silly resolved     keywords: [ 'cli', 'command' ],
27 silly resolved     scripts:
27 silly resolved      { start: 'node ./bin/http-server',
27 silly resolved        pretest: 'common bin/http-server lib/ test',
27 silly resolved        test: 'vows --spec --isolate' },
27 silly resolved     files: [ 'lib', 'bin' ],
27 silly resolved     contributors:
27 silly resolved      [ [Object],
27 silly resolved        [Object],
27 silly resolved        [Object],
27 silly resolved        [Object],
27 silly resolved        [Object],
27 silly resolved        [Object],
27 silly resolved        [Object],
27 silly resolved        [Object],
27 silly resolved        [Object],
27 silly resolved        [Object],
27 silly resolved        [Object] ],
27 silly resolved     dependencies:
27 silly resolved      { colors: '1.0.3',
27 silly resolved        corser: '~2.0.0',
27 silly resolved        ecstatic: '^3.0.0',
27 silly resolved        'http-proxy': '^1.8.1',
27 silly resolved        opener: '~1.4.0',
27 silly resolved        optimist: '0.6.x',
27 silly resolved        portfinder: '^1.0.13',
27 silly resolved        union: '~0.4.3' },
27 silly resolved     devDependencies: { 'common-style': '^3.0.0', request: '2.49.x', vows: '0.7.x' },
27 silly resolved     bugs: { url: 'https://github.com/nodeapps/http-server/issues' },
27 silly resolved     license: 'MIT',
27 silly resolved     preferGlobal: 'true',
27 silly resolved     bin: { 'http-server': './bin/http-server', hs: './bin/http-server' },
27 silly resolved     readme: '[![build status](https://img.shields.io/travis/indexzero/http-server.svg?style=flat-square)](https://travis-ci.org/indexzero/http-server)\r\n[![dependencies status](https://img.shields.io/david/indexzero/http-server.svg?style=flat-square)](https://david-dm.org/indexzero/http-server)\r\n[![npm](https://img.shields.io/npm/v/http-server.svg?style=flat-square)](https://www.npmjs.com/package/http-server)\r\n[![license](https://img.shields.io/github/license/indexzero/http-server.svg?style=flat-square)](https://github.com/indexzero/http-server)\r\n\r\n# http-server: a command-line http server\r\n\r\n`http-server` is a simple, zero-configuration command-line http server.  It is powerful enough for production usage, but it\'s simple and hackable enough to be used for testing, local development, and learning.\r\n\r\n![](https://github.com/nodeapps/http-server/raw/master/screenshots/public.png)\r\n\r\n# Installing globally:\r\n\r\nInstallation via `npm`:\r\n\r\n     npm install http-server -g\r\n\r\nThis will install `http-server` globally so that it may be run from the command line.\r\n\r\n## Usage:\r\n\r\n     http-server [path] [options]\r\n\r\n`[path]` defaults to `./public` if the folder exists, and `./` otherwise.\r\n\r\n*Now you can visit http://localhost:8080 to view your server*\r\n\r\n## Available Options:\r\n\r\n`-p` Port to use (defaults to 8080)\r\n\r\n`-a` Address to use (defaults to 0.0.0.0)\r\n\r\n`-d` Show directory listings (defaults to \'True\')\r\n\r\n`-i` Display autoIndex (defaults to \'True\')\r\n\r\n`-g` or `--gzip` When enabled (defaults to \'False\') it will serve `./public/some-file.js.gz` in place of `./public/some-file.js` when a gzipped version of the file exists and the request accepts gzip encoding.\r\n\r\n`-e` or `--ext` Default file extension if none supplied (defaults to \'html\')\r\n\r\n`-s` or `--silent` Suppress log messages from output\r\n\r\n`--cors` Enable CORS via the `Access-Control-Allow-Origin` header\r\n\r\n`-o` Open browser window after starting the server\r\n\r\n`-c` Set cache time (in seconds) for cache-control max-age header, e.g. -c10 for 10 seconds (defaults to \'3600\'). To disable caching, use -c-1.\r\n\r\n`-U` or `--utc` Use UTC time format in log messages.\r\n\r\n`-P` or `--proxy` Proxies all requests which can\'t be resolved locally to the given url. e.g.: -P http://someurl.com\r\n\r\n`-S` or `--ssl` Enable https.\r\n\r\n`-C` or `--cert` Path to ssl cert file (default: cert.pem).\r\n\r\n`-K` or `--key` Path to ssl key file (default: key.pem).\r\n\r\n`-r` or `--robots` Provide a /robots.txt (whose content defaults to \'User-agent: *\\nDisallow: /\')\r\n\r\n`-h` or `--help` Print this list and exit.\r\n\r\n# Development\r\n\r\nCheckout this repository locally, then:\r\n\r\n```sh\r\n$ npm i\r\n$ node bin/http-server\r\n```\r\n\r\n*Now you can visit http://localhost:8080 to view your server*\r\n\r\nYou should see the turtle image in the screenshot above hosted at that URL. See\r\nthe `./public` folder for demo content.\r\n',
27 silly resolved     readmeFilename: 'README.md',
27 silly resolved     _id: 'http-server@0.11.1',
27 silly resolved     _from: 'http-server@' } ]
28 info install http-server@0.11.1 into /usr/local/lib
29 info installOne http-server@0.11.1
30 info /usr/local/lib/node_modules/http-server unbuild
31 verbose tar unpack /home/oliver/.npm/http-server/0.11.1/package.tgz
32 silly lockFile c2cc12bc-cal-lib-node-modules-http-server tar:///usr/local/lib/node_modules/http-server
33 verbose lock tar:///usr/local/lib/node_modules/http-server /home/oliver/.npm/c2cc12bc-cal-lib-node-modules-http-server.lock
34 silly lockFile 249a0330-m-http-server-0-11-1-package-tgz tar:///home/oliver/.npm/http-server/0.11.1/package.tgz
35 verbose lock tar:///home/oliver/.npm/http-server/0.11.1/package.tgz /home/oliver/.npm/249a0330-m-http-server-0-11-1-package-tgz.lock
36 silly gunzTarPerm modes [ '755', '644' ]
37 error Error: EACCES, mkdir '/usr/local/lib/node_modules'
37 error  { [Error: EACCES, mkdir '/usr/local/lib/node_modules']
37 error   errno: 3,
37 error   code: 'EACCES',
37 error   path: '/usr/local/lib/node_modules',
37 error   fstream_type: 'Directory',
37 error   fstream_path: '/usr/local/lib/node_modules/http-server',
37 error   fstream_class: 'DirWriter',
37 error   fstream_stack:
37 error    [ '/usr/lib/nodejs/fstream/lib/writer.js:171:23',
37 error      '/usr/lib/nodejs/mkdirp/index.js:37:53',
37 error      'Object.oncomplete (fs.js:107:15)' ] }
38 error Please try running this command again as root/Administrator.
39 error System Linux 4.4.0-43-Microsoft
40 error command "/usr/bin/nodejs" "/usr/bin/npm" "install" "http-server" "-g"
41 error cwd /mnt/c/Users/olive/Documents/stuff/server
42 error node -v v0.10.25
43 error npm -v 1.3.10
44 error path /usr/local/lib/node_modules
45 error fstream_path /usr/local/lib/node_modules/http-server
46 error fstream_type Directory
47 error fstream_class DirWriter
48 error code EACCES
49 error errno 3
50 error stack Error: EACCES, mkdir '/usr/local/lib/node_modules'
51 error fstream_stack /usr/lib/nodejs/fstream/lib/writer.js:171:23
51 error fstream_stack /usr/lib/nodejs/mkdirp/index.js:37:53
51 error fstream_stack Object.oncomplete (fs.js:107:15)
52 verbose exit [ 3, true ]
